[ 2016-11-08T09:14:23+08:00 ]  
INFO: [ app_init ] --START--
INFO: Run Behavior\BuildLiteBehavior [ RunTime:0.001000s ]
INFO: [ app_init ] --END-- [ RunTime:0.002000s ]
NOTIC: [8] Undefined index: REQUEST_METHOD D:\wamp\www\wx\ThinkPHP\Library\Think\App.class.php 第 31 行.
NOTIC: [8] Undefined index: REQUEST_URI D:\wamp\www\wx\ThinkPHP\Library\Think\Dispatcher.class.php 第 137 行.

[ 2016-11-08T09:14:38+08:00 ]  
INFO: [ app_init ] --START--
INFO: Run Behavior\BuildLiteBehavior [ RunTime:0.000000s ]
INFO: [ app_init ] --END-- [ RunTime:0.000000s ]
NOTIC: [8] Undefined index: REQUEST_METHOD D:\wamp\www\wx\ThinkPHP\Library\Think\App.class.php 第 31 行.
NOTIC: [8] Undefined index: REQUEST_URI D:\wamp\www\wx\ThinkPHP\Library\Think\Dispatcher.class.php 第 137 行.

[ 2016-11-08T11:02:56+08:00 ] 127.0.0.1 /wx/Find
INFO: [ app_init ] --START--
INFO: Run Behavior\BuildLiteBehavior [ RunTime:0.001001s ]
INFO: [ app_init ] --END-- [ RunTime:0.001001s ]

[ 2016-11-08T11:03:47+08:00 ] 127.0.0.1 /wx/?XDEBUG_SESSION_START=19928
INFO: [ app_init ] --START--
INFO: Run Behavior\BuildLiteBehavior [ RunTime:0.000000s ]
INFO: [ app_init ] --END-- [ RunTime:0.000000s ]

[ 2016-11-08T11:04:09+08:00 ] ::1 /wx/Find
INFO: [ app_init ] --START--
INFO: Run Behavior\BuildLiteBehavior [ RunTime:0.000000s ]
INFO: [ app_init ] --END-- [ RunTime:0.002000s ]

[ 2016-11-08T11:29:06+08:00 ] ::1 /wx/
INFO: [ app_init ] --START--
INFO: Run Behavior\BuildLiteBehavior [ RunTime:0.001000s ]
INFO: [ app_init ] --END-- [ RunTime:0.001000s ]

[ 2016-11-08T11:30:28+08:00 ] ::1 /wx/Admin/delete?XDEBUG_SESSION_START=12251
INFO: [ app_init ] --START--
INFO: Run Behavior\BuildLiteBehavior [ RunTime:0.001000s ]
INFO: [ app_init ] --END-- [ RunTime:0.001000s ]

[ 2016-11-08T11:31:05+08:00 ] 127.0.0.1 /wx/Admin/delete?XDEBUG_SESSION_START=12251
INFO: [ app_init ] --START--
INFO: Run Behavior\BuildLiteBehavior [ RunTime:0.000000s ]
INFO: [ app_init ] --END-- [ RunTime:0.001000s ]

[ 2016-11-08T11:31:12+08:00 ] 127.0.0.1 /wx/Admin/delete?Type=TXDEBUG_SESSION_START=12251
INFO: [ app_init ] --START--
INFO: Run Behavior\BuildLiteBehavior [ RunTime:0.001000s ]
INFO: [ app_init ] --END-- [ RunTime:0.001000s ]

[ 2016-11-08T11:31:46+08:00 ] ::1 /wx/Admin/delete?XDEBUG_SESSION_START=16303
INFO: [ app_init ] --START--
INFO: Run Behavior\BuildLiteBehavior [ RunTime:0.000000s ]
INFO: [ app_init ] --END-- [ RunTime:0.001000s ]

[ 2016-11-08T11:33:59+08:00 ] 127.0.0.1 /wx/Admin/delete?type=F&XDEBUG_SESSION_START=14765
INFO: [ app_init ] --START--
INFO: Run Behavior\BuildLiteBehavior [ RunTime:0.001000s ]
INFO: [ app_init ] --END-- [ RunTime:0.003000s ]

[ 2016-11-08T11:34:57+08:00 ] 127.0.0.1 /wx/Admin/delete?type=F&XDEBUG_SESSION_START=12227
INFO: [ app_init ] --START--
INFO: Run Behavior\BuildLiteBehavior [ RunTime:0.000000s ]
INFO: [ app_init ] --END-- [ RunTime:0.000000s ]

[ 2016-11-08T17:50:48+08:00 ] ::1 /wx/
INFO: [ app_init ] --START--
INFO: Run Behavior\BuildLiteBehavior [ RunTime:0.000000s ]
INFO: [ app_init ] --END-- [ RunTime:0.031002s ]

[ 2016-11-08T17:50:54+08:00 ] ::1 /wx/Find
INFO: [ app_init ] --START--
INFO: Run Behavior\BuildLiteBehavior [ RunTime:0.000000s ]
INFO: [ app_init ] --END-- [ RunTime:0.002000s ]

[ 2016-11-08T18:03:09+08:00 ] ::1 /wx/Find
INFO: [ app_init ] --START--
INFO: Run Behavior\BuildLiteBehavior [ RunTime:0.001000s ]
INFO: [ app_init ] --END-- [ RunTime:0.002000s ]

[ 2016-11-08T18:04:48+08:00 ] ::1 /wx/Find
INFO: [ app_init ] --START--
INFO: Run Behavior\BuildLiteBehavior [ RunTime:0.000000s ]
INFO: [ app_init ] --END-- [ RunTime:0.001001s ]

[ 2016-11-08T18:05:53+08:00 ] ::1 /wx/Find
INFO: [ app_init ] --START--
INFO: Run Behavior\BuildLiteBehavior [ RunTime:0.000000s ]
INFO: [ app_init ] --END-- [ RunTime:0.001000s ]

[ 2016-11-08T18:06:04+08:00 ] ::1 /wx/Find/addFind?card_num=123&find_name=wqe
INFO: [ app_init ] --START--
INFO: Run Behavior\BuildLiteBehavior [ RunTime:0.000000s ]
INFO: [ app_init ] --END-- [ RunTime:0.001000s ]

